app/build/outputs/logs/manifest-merger-debug-report.txt
-- Merging decision tree log ---
manifest
ADDED from src\main\AndroidManifest.xml:2:1-170:12
INJECTED from src\main\AndroidManifest.xml:2:1-170:12
INJECTED from src\main\AndroidManifest.xml:2:1-170:12
INJECTED from src\main\AndroidManifest.xml:2:1-170:12
INJECTED from src\main\AndroidManifest.xml:2:1-170:12
INJECTED from src\main\AndroidManifest.xml:2:1-170:12
INJECTED from src\main\AndroidManifest.xml:2:1-170:12
	package
		ADDED from src\main\AndroidManifest.xml:3:5-40
		INJECTED from src\main\AndroidManifest.xml
		INJECTED from src\main\AndroidManifest.xml
	android:versionName
		ADDED from src\main\AndroidManifest.xml:5:5-33
		INJECTED from src\main\AndroidManifest.xml
		INJECTED from src\main\AndroidManifest.xml
	xmlns:android
		ADDED from src\main\AndroidManifest.xml:2:11-69
	android:versionCode
		ADDED from src\main\AndroidManifest.xml:4:5-28
		INJECTED from src\main\AndroidManifest.xml
		INJECTED from src\main\AndroidManifest.xml
uses-sdk
ADDED from src\main\AndroidManifest.xml:7:5-9:38
INJECTED from src\main\AndroidManifest.xml:7:5-9:38
INJECTED from src\main\AndroidManifest.xml:7:5-9:38
INJECTED from src\main\AndroidManifest.xml:7:5-9:38
INJECTED from src\main\AndroidManifest.xml:7:5-9:38
	android:maxSdkVersion
		ADDED from src\main\AndroidManifest.xml:9:9-35
	android:targetSdkVersion
		INJECTED from src\main\AndroidManifest.xml
		ADDED from src\main\AndroidManifest.xml:7:5-9:38
		INJECTED from src\main\AndroidManifest.xml
	android:minSdkVersion
		ADDED from src\main\AndroidManifest.xml:8:9-35
		INJECTED from src\main\AndroidManifest.xml
		INJECTED from src\main\AndroidManifest.xml
uses-feature#android.hardware.usb.host
ADDED from src\main\AndroidManifest.xml:11:5-13:36
	android:required
		ADDED from src\main\AndroidManifest.xml:13:9-33
	android:name
		ADDED from src\main\AndroidManifest.xml:12:9-49
uses-feature#android.hardware.nfc
ADDED from src\main\AndroidManifest.xml:14:5-16:35
	android:required
		ADDED from src\main\AndroidManifest.xml:16:9-33
	android:name
		ADDED from src\main\AndroidManifest.xml:15:9-44
uses-permission#android.permission.CAMERA
ADDED from src\main\AndroidManifest.xml:18:5-65
	android:name
		ADDED from src\main\AndroidManifest.xml:18:22-62
uses-permission#android.permission.VIBRATE
ADDED from src\main\AndroidManifest.xml:19:5-66
	android:name
		ADDED from src\main\AndroidManifest.xml:19:22-63
uses-permission#android.permission.WAKE_LOCK
ADDED from src\main\AndroidManifest.xml:20:5-68
	android:name
		ADDED from src\main\AndroidManifest.xml:20:22-65
uses-permission#android.permission.WRITE_EXTERNAL_STORAGE
ADDED from src\main\AndroidManifest.xml:21:5-81
	android:name
		ADDED from src\main\AndroidManifest.xml:21:22-78
uses-permission#android.permission.READ_EXTERNAL_STORAGE
ADDED from src\main\AndroidManifest.xml:22:5-80
	android:name
		ADDED from src\main\AndroidManifest.xml:22:22-77
uses-permission#android.permission.NFC
ADDED from src\main\AndroidManifest.xml:24:5-61
	android:name
		ADDED from src\main\AndroidManifest.xml:24:22-59
application
ADDED from src\main\AndroidManifest.xml:26:5-168:19
	android:label
		ADDED from src\main\AndroidManifest.xml:29:9-41
	android:icon
		ADDED from src\main\AndroidManifest.xml:28:9-38
	android:allowBackup
		ADDED from src\main\AndroidManifest.xml:27:9-36
	android:theme
		ADDED from src\main\AndroidManifest.xml:30:9-40
activity#com.telpo.tps550.api.demo.MainActivity
ADDED from src\main\AndroidManifest.xml:31:9-41:20
	android:launchMode
		ADDED from src\main\AndroidManifest.xml:35:13-44
	android:windowSoftInputMode
		ADDED from src\main\AndroidManifest.xml:34:13-72
	android:configChanges
		ADDED from src\main\AndroidManifest.xml:33:13-63
	android:name
		ADDED from src\main\AndroidManifest.xml:32:13-66
intent-filter#android.intent.action.MAIN+android.intent.category.LAUNCHER
ADDED from src\main\AndroidManifest.xml:36:13-40:29
action#android.intent.action.MAIN
ADDED from src\main\AndroidManifest.xml:37:17-69
	android:name
		ADDED from src\main\AndroidManifest.xml:37:25-66
category#android.intent.category.LAUNCHER
ADDED from src\main\AndroidManifest.xml:39:17-77
	android:name
		ADDED from src\main\AndroidManifest.xml:39:27-74
activity#com.telpo.tps550.api.demo.ocr.OcrIdCardActivity
ADDED from src\main\AndroidManifest.xml:42:9-47:20
	android:launchMode
		ADDED from src\main\AndroidManifest.xml:46:13-44
	android:windowSoftInputMode
		ADDED from src\main\AndroidManifest.xml:45:13-72
	android:configChanges
		ADDED from src\main\AndroidManifest.xml:44:13-63
	android:name
		ADDED from src\main\AndroidManifest.xml:43:13-75
activity#com.telpo.tps550.api.demo.megnetic.MegneticActivity
ADDED from src\main\AndroidManifest.xml:48:9-53:20
	android:launchMode
		ADDED from src\main\AndroidManifest.xml:52:13-44
	android:windowSoftInputMode
		ADDED from src\main\AndroidManifest.xml:51:13-72
	android:configChanges
		ADDED from src\main\AndroidManifest.xml:50:13-63
	android:name
		ADDED from src\main\AndroidManifest.xml:49:13-79
activity#com.telpo.tps550.api.demo.printer.PrinterActivity
ADDED from src\main\AndroidManifest.xml:54:9-59:20
	android:launchMode
		ADDED from src\main\AndroidManifest.xml:58:13-44
	android:windowSoftInputMode
		ADDED from src\main\AndroidManifest.xml:57:13-72
	android:configChanges
		ADDED from src\main\AndroidManifest.xml:56:13-63
	android:name
		ADDED from src\main\AndroidManifest.xml:55:13-77
activity#com.telpo.tps550.api.demo.printer.UsbPrinterActivity
ADDED from src\main\AndroidManifest.xml:60:9-65:20
	android:launchMode
		ADDED from src\main\AndroidManifest.xml:64:13-44
	android:windowSoftInputMode
		ADDED from src\main\AndroidManifest.xml:63:13-72
	android:configChanges
		ADDED from src\main\AndroidManifest.xml:62:13-63
	android:name
		ADDED from src\main\AndroidManifest.xml:61:13-80
activity#com.telpo.tps550.api.demo.rfid.ConsumeActivity
ADDED from src\main\AndroidManifest.xml:66:9-71:20
	android:launchMode
		ADDED from src\main\AndroidManifest.xml:70:13-44
	android:windowSoftInputMode
		ADDED from src\main\AndroidManifest.xml:69:13-72
	android:configChanges
		ADDED from src\main\AndroidManifest.xml:68:13-63
	android:name
		ADDED from src\main\AndroidManifest.xml:67:13-74
activity#com.telpo.tps550.api.demo.idcard.IdCardActivity
ADDED from src\main\AndroidManifest.xml:72:9-77:20
	android:launchMode
		ADDED from src\main\AndroidManifest.xml:76:13-44
	android:windowSoftInputMode
		ADDED from src\main\AndroidManifest.xml:75:13-72
	android:configChanges
		ADDED from src\main\AndroidManifest.xml:74:13-63
	android:name
		ADDED from src\main\AndroidManifest.xml:73:13-75
activity#com.telpo.tps550.api.demo.rfid.RfidActivity
ADDED from src\main\AndroidManifest.xml:78:9-83:20
	android:launchMode
		ADDED from src\main\AndroidManifest.xml:82:13-44
	android:windowSoftInputMode
		ADDED from src\main\AndroidManifest.xml:81:13-72
	android:configChanges
		ADDED from src\main\AndroidManifest.xml:80:13-63
	android:name
		ADDED from src\main\AndroidManifest.xml:79:13-71
activity#com.telpo.tps550.api.demo.moneybox.MoneyBoxActivity
ADDED from src\main\AndroidManifest.xml:84:9-89:20
	android:launchMode
		ADDED from src\main\AndroidManifest.xml:88:13-44
	android:windowSoftInputMode
		ADDED from src\main\AndroidManifest.xml:87:13-72
	android:configChanges
		ADDED from src\main\AndroidManifest.xml:86:13-63
	android:name
		ADDED from src\main\AndroidManifest.xml:85:13-79
activity#com.telpo.tps550.api.demo.rfid.UltralightActivity
ADDED from src\main\AndroidManifest.xml:90:9-95:20
	android:launchMode
		ADDED from src\main\AndroidManifest.xml:94:13-44
	android:windowSoftInputMode
		ADDED from src\main\AndroidManifest.xml:93:13-72
	android:configChanges
		ADDED from src\main\AndroidManifest.xml:92:13-63
	android:name
		ADDED from src\main\AndroidManifest.xml:91:13-77
activity#com.telpo.tps550.api.demo.iccard.IccActivityNew
ADDED from src\main\AndroidManifest.xml:96:9-101:20
	android:launchMode
		ADDED from src\main\AndroidManifest.xml:100:13-44
	android:windowSoftInputMode
		ADDED from src\main\AndroidManifest.xml:99:13-72
	android:configChanges
		ADDED from src\main\AndroidManifest.xml:98:13-63
	android:name
		ADDED from src\main\AndroidManifest.xml:97:13-75
activity#com.telpo.tps550.api.demo.iccard.SLE4428Activity
ADDED from src\main\AndroidManifest.xml:102:9-107:20
	android:launchMode
		ADDED from src\main\AndroidManifest.xml:106:13-44
	android:windowSoftInputMode
		ADDED from src\main\AndroidManifest.xml:105:13-72
	android:configChanges
		ADDED from src\main\AndroidManifest.xml:104:13-63
	android:name
		ADDED from src\main\AndroidManifest.xml:103:13-76
activity#com.telpo.tps550.api.demo.iccard.SLE4442Activity
ADDED from src\main\AndroidManifest.xml:108:9-113:20
	android:launchMode
		ADDED from src\main\AndroidManifest.xml:112:13-44
	android:windowSoftInputMode
		ADDED from src\main\AndroidManifest.xml:111:13-72
	android:configChanges
		ADDED from src\main\AndroidManifest.xml:110:13-63
	android:name
		ADDED from src\main\AndroidManifest.xml:109:13-76
activity#com.telpo.tps550.api.demo.iccard.SmarCardNewActivity
ADDED from src\main\AndroidManifest.xml:114:9-119:20
	android:launchMode
		ADDED from src\main\AndroidManifest.xml:118:13-44
	android:windowSoftInputMode
		ADDED from src\main\AndroidManifest.xml:117:13-72
	android:configChanges
		ADDED from src\main\AndroidManifest.xml:116:13-63
	android:name
		ADDED from src\main\AndroidManifest.xml:115:13-80
activity#com.telpo.tps550.api.demo.iccard.PsamActivity
ADDED from src\main\AndroidManifest.xml:120:9-125:20
	android:launchMode
		ADDED from src\main\AndroidManifest.xml:124:13-44
	android:windowSoftInputMode
		ADDED from src\main\AndroidManifest.xml:123:13-72
	android:configChanges
		ADDED from src\main\AndroidManifest.xml:122:13-63
	android:name
		ADDED from src\main\AndroidManifest.xml:121:13-73
activity#com.telpo.tps550.api.demo.ir.IrActivity
ADDED from src\main\AndroidManifest.xml:126:9-131:20
	android:launchMode
		ADDED from src\main\AndroidManifest.xml:130:13-44
	android:windowSoftInputMode
		ADDED from src\main\AndroidManifest.xml:129:13-72
	android:configChanges
		ADDED from src\main\AndroidManifest.xml:128:13-63
	android:name
		ADDED from src\main\AndroidManifest.xml:127:13-67
activity#com.telpo.tps550.api.demo.led.LedActivity
ADDED from src\main\AndroidManifest.xml:132:9-137:20
	android:launchMode
		ADDED from src\main\AndroidManifest.xml:136:13-44
	android:windowSoftInputMode
		ADDED from src\main\AndroidManifest.xml:135:13-72
	android:configChanges
		ADDED from src\main\AndroidManifest.xml:134:13-63
	android:name
		ADDED from src\main\AndroidManifest.xml:133:13-69
activity#com.telpo.tps550.api.demo.iccard.MonitorActivity
ADDED from src\main\AndroidManifest.xml:138:9-143:20
	android:launchMode
		ADDED from src\main\AndroidManifest.xml:142:13-44
	android:windowSoftInputMode
		ADDED from src\main\AndroidManifest.xml:141:13-72
	android:configChanges
		ADDED from src\main\AndroidManifest.xml:140:13-63
	android:name
		ADDED from src\main\AndroidManifest.xml:139:13-76
activity#com.telpo.tps550.api.demo.decode.DecodeActivity
ADDED from src\main\AndroidManifest.xml:144:9-149:20
	android:launchMode
		ADDED from src\main\AndroidManifest.xml:148:13-44
	android:windowSoftInputMode
		ADDED from src\main\AndroidManifest.xml:147:13-72
	android:configChanges
		ADDED from src\main\AndroidManifest.xml:146:13-63
	android:name
		ADDED from src\main\AndroidManifest.xml:145:13-75
activity#com.telpo.tps550.api.demo.nfc.NfcActivity
ADDED from src\main\AndroidManifest.xml:150:9-155:20
	android:launchMode
		ADDED from src\main\AndroidManifest.xml:154:13-44
	android:windowSoftInputMode
		ADDED from src\main\AndroidManifest.xml:153:13-72
	android:configChanges
		ADDED from src\main\AndroidManifest.xml:152:13-63
	android:name
		ADDED from src\main\AndroidManifest.xml:151:13-69
activity#com.telpo.tps550.api.demo.rfid.CpuCardActivity
ADDED from src\main\AndroidManifest.xml:156:9-161:20
	android:launchMode
		ADDED from src\main\AndroidManifest.xml:160:13-44
	android:windowSoftInputMode
		ADDED from src\main\AndroidManifest.xml:159:13-72
	android:configChanges
		ADDED from src\main\AndroidManifest.xml:158:13-63
	android:name
		ADDED from src\main\AndroidManifest.xml:157:13-74
activity#com.telpo.tps550.api.demo.nfc.NfcActivity_tps900
ADDED from src\main\AndroidManifest.xml:162:10-167:20
	android:launchMode
		ADDED from src\main\AndroidManifest.xml:166:13-44
	android:windowSoftInputMode
		ADDED from src\main\AndroidManifest.xml:165:13-72
	android:configChanges
		ADDED from src\main\AndroidManifest.xml:164:13-63
	android:name
		ADDED from src\main\AndroidManifest.xml:163:13-76